<?xml version="1.0" encoding="UTF-8"?>
<!-- Generated by org.testng.reporters.JUnitReportReporter -->
<testsuite skipped="0" hostname="DESKTOP-46I4ES6" name="com.assignment2a.action.verifyAction" tests="1" failures="0" timestamp="2019-12-25T20:44:26 IST" time="21.349" errors="0">
  <testcase name="verifyActionTest" time="21.349" classname="com.assignment2a.action.verifyAction"/>
</testsuite> <!-- com.assignment2a.action.verifyAction -->
