<?xml version="1.0" encoding="UTF-8"?>
<!-- Generated by org.testng.reporters.JUnitReportReporter -->
<testsuite skipped="0" hostname="DESKTOP-46I4ES6" name="com.assignment1.action.VerifyPriceCard" tests="2" failures="0" timestamp="2019-12-25T16:42:50 IST" time="11.756" errors="0">
  <testcase name="Verify1" time="6.709" classname="com.assignment1.action.VerifyPriceCard"/>
  <testcase name="verify2" time="5.047" classname="com.assignment1.action.VerifyPriceCard"/>
</testsuite> <!-- com.assignment1.action.VerifyPriceCard -->
